android/build/outputs/logs/manifest-merger-debug-report.txt
-- Merging decision tree log ---
manifest
ADDED from src\main\AndroidManifest.xml:1:1-6:12
INJECTED from src\main\AndroidManifest.xml:1:1-6:12
INJECTED from src\main\AndroidManifest.xml:1:1-6:12
	package
		ADDED from src\main\AndroidManifest.xml:2:3-47
		INJECTED from src\main\AndroidManifest.xml
		INJECTED from src\main\AndroidManifest.xml
	xmlns:android
		ADDED from src\main\AndroidManifest.xml:1:11-69
uses-permission#android.permission.READ_PHONE_STATE
ADDED from src\main\AndroidManifest.xml:3:5-74
	android:name
		ADDED from src\main\AndroidManifest.xml:3:22-72
uses-permission#android.permission.ACCESS_NETWORK_STATE
ADDED from src\main\AndroidManifest.xml:4:5-78
	android:name
		ADDED from src\main\AndroidManifest.xml:4:22-76
uses-permission#android.permission.ACCESS_WIFI_STATE
ADDED from src\main\AndroidManifest.xml:5:5-75
	android:name
		ADDED from src\main\AndroidManifest.xml:5:22-73
uses-sdk
INJECTED from src\main\AndroidManifest.xml reason: use-sdk injection requested
INJECTED from src\main\AndroidManifest.xml
INJECTED from src\main\AndroidManifest.xml
	android:minSdkVersion
		INJECTED from src\main\AndroidManifest.xml
		ADDED from src\main\AndroidManifest.xml
		INJECTED from src\main\AndroidManifest.xml